<?xml version="1.0" encoding="UTF-8"?>
<testsuite xmlns:xsi="http://www.w3.org/2001/XMLSchema-instance" xsi:noNamespaceSchemaLocation="https://maven.apache.org/surefire/maven-surefire-plugin/xsd/surefire-test-report-3.0.xsd" version="3.0" name="mate.academy.mapstruct.ApplicationTests" time="8.535" tests="1" errors="0" skipped="0" failures="0">
  <properties>
[...]
</properties>
  <testcase name="contextLoads" classname="mate.academy.mapstruct.ApplicationTests" time="0.901">
    <system-out><![CDATA[14:45:16.262 [main] INFO org.springframework.test.context.support.AnnotationConfigContextLoaderUtils -- Could not detect default configuration classes for test class [mate.academy.mapstruct.ApplicationTests]: ApplicationTests does not declare any static, non-private, non-final, nested classes annotated with @Configuration.
14:45:16.448 [main] INFO org.springframework.boot.test.context.SpringBootTestContextBootstrapper -- Found @SpringBootConfiguration mate.academy.mapstruct.Application for test class mate.academy.mapstruct.ApplicationTests

  .   ____          _            __ _ _
 /\\ / ___'_ __ _ _(_)_ __  __ _ \ \ \ \
( ( )\___ | '_ | '_| | '_ \/ _` | \ \ \ \
 \\/  ___)| |_)| | | | | || (_| |  ) ) ) )
  '  |____| .__|_| |_|_| |_\__, | / / / /
 =========|_|==============|___/=/_/_/_/
 :: Spring Boot ::                (v3.1.5)

2025-05-20T14:45:17.414+03:00  INFO 8996 --- [           main] m.academy.mapstruct.ApplicationTests     : Starting ApplicationTests using Java 22.0.2 with PID 8996 (started by radov in D:\Mate_Java_Project\sp_bo_user_controller\jv_mapper\jv-spring-boot-mapstruct)
2025-05-20T14:45:17.416+03:00  INFO 8996 --- [           main] m.academy.mapstruct.ApplicationTests     : No active profile set, falling back to 1 default profile: "default"
2025-05-20T14:45:18.705+03:00  INFO 8996 --- [           main] .s.d.r.c.RepositoryConfigurationDelegate : Bootstrapping Spring Data JPA repositories in DEFAULT mode.
2025-05-20T14:45:18.764+03:00  INFO 8996 --- [           main] .s.d.r.c.RepositoryConfigurationDelegate : Finished Spring Data repository scanning in 41 ms. Found 0 JPA repository interfaces.
2025-05-20T14:45:19.856+03:00  INFO 8996 --- [           main] o.hibernate.jpa.internal.util.LogHelper  : HHH000204: Processing PersistenceUnitInfo [name: default]
2025-05-20T14:45:19.976+03:00  INFO 8996 --- [           main] org.hibernate.Version                    : HHH000412: Hibernate ORM core version 6.2.13.Final
2025-05-20T14:45:19.978+03:00  INFO 8996 --- [           main] org.hibernate.cfg.Environment            : HHH000406: Using bytecode reflection optimizer
2025-05-20T14:45:20.403+03:00  INFO 8996 --- [           main] o.s.o.j.p.SpringPersistenceUnitInfo      : No LoadTimeWeaver setup: ignoring JPA class transformer
2025-05-20T14:45:20.442+03:00  INFO 8996 --- [           main] com.zaxxer.hikari.HikariDataSource       : HikariPool-1 - Starting...
2025-05-20T14:45:20.829+03:00  INFO 8996 --- [           main] com.zaxxer.hikari.pool.HikariPool        : HikariPool-1 - Added connection conn0: url=jdbc:h2:mem:testdb user=SA
2025-05-20T14:45:20.832+03:00  INFO 8996 --- [           main] com.zaxxer.hikari.HikariDataSource       : HikariPool-1 - Start completed.
2025-05-20T14:45:20.873+03:00  WARN 8996 --- [           main] org.hibernate.orm.deprecation            : HHH90000025: H2Dialect does not need to be specified explicitly using 'hibernate.dialect' (remove the property setting and it will be selected by default)
2025-05-20T14:45:22.338+03:00  INFO 8996 --- [           main] o.h.e.t.j.p.i.JtaPlatformInitiator       : HHH000489: No JTA platform available (set 'hibernate.transaction.jta.platform' to enable JTA platform integration)
Hibernate: drop table if exists student_groups cascade 
Hibernate: drop table if exists student_subject cascade 
Hibernate: drop table if exists students cascade 
Hibernate: drop table if exists subjects cascade 
Hibernate: create table student_groups (id bigint generated by default as identity, name varchar(255), primary key (id))
Hibernate: create table student_subject (student_id bigint not null, subject_id bigint not null)
Hibernate: create table students (group_id bigint, id bigint generated by default as identity, email varchar(255) unique, name varchar(255), social_security_number varchar(255) unique, primary key (id))
Hibernate: create table subjects (id bigint generated by default as identity, name varchar(255), primary key (id))
Hibernate: alter table if exists student_subject add constraint FKnromnee07rgl5931jp9glhd5l foreign key (subject_id) references subjects
Hibernate: alter table if exists student_subject add constraint FKg1wxq596xek6a6gdo3kw33l4w foreign key (student_id) references students
Hibernate: alter table if exists students add constraint FKk44ecnoi1xpn5d3ofspe7ciss foreign key (group_id) references student_groups
2025-05-20T14:45:22.418+03:00  INFO 8996 --- [           main] j.LocalContainerEntityManagerFactoryBean : Initialized JPA EntityManagerFactory for persistence unit 'default'
2025-05-20T14:45:23.575+03:00  INFO 8996 --- [           main] m.academy.mapstruct.ApplicationTests     : Started ApplicationTests in 6.89 seconds (process running for 8.55)
]]></system-out>
    <system-err><![CDATA[WARNING: A Java agent has been loaded dynamically (C:\Users\radov\.m2\repository\net\bytebuddy\byte-buddy-agent\1.14.9\byte-buddy-agent-1.14.9.jar)
WARNING: If a serviceability tool is in use, please run with -XX:+EnableDynamicAgentLoading to hide this warning
WARNING: If a serviceability tool is not in use, please run with -Djdk.instrument.traceUsage for more information
WARNING: Dynamic loading of agents will be disallowed by default in a future release
]]></system-err>
  </testcase>
</testsuite>